
========================[ Mar 29, 2009 12:45 AM ]========================
Version 2.2.19 [Nov-02-2008]
Started database file "proteins.faa"
Formatted 5377 sequences in volume 0
SUCCESS: formatted database proteins.faa

========================[ Mar 29, 2009  2:10 PM ]========================
Version 2.2.19 [Nov-02-2008]
Started database file "fasta.out"
Formatted 5377 sequences in volume 0
SUCCESS: formatted database fasta.out

========================[ Mar 29, 2009  2:48 PM ]========================
Version 2.2.19 [Nov-02-2008]
Started database file "ls_orchid.fasta"
Formatted 94 sequences in volume 0
SUCCESS: formatted database ls_orchid.fasta

========================[ Mar 31, 2009  9:03 AM ]========================
Version 2.2.19 [Nov-02-2008]
Started database file "db.fasta"
Formatted 5377 sequences in volume 0
SUCCESS: formatted database db.fasta
